Release 13.4 - xst O.87xd (lin64)
Copyright (c) 1995-2011 Xilinx, Inc.  All rights reserved.
--> 
Parameter TMPDIR set to xst/projnav.tmp


Total REAL time to Xst completion: 0.00 secs
Total CPU time to Xst completion: 0.07 secs
 
--> 
Parameter xsthdpdir set to xst


Total REAL time to Xst completion: 0.00 secs
Total CPU time to Xst completion: 0.07 secs
 
--> 
Reading design: Grayscale.prj

TABLE OF CONTENTS
  1) Synthesis Options Summary
  2) HDL Compilation
  3) Design Hierarchy Analysis
  4) HDL Analysis
  5) HDL Synthesis
     5.1) HDL Synthesis Report
  6) Advanced HDL Synthesis
     6.1) Advanced HDL Synthesis Report
  7) Low Level Synthesis
  8) Partition Report
  9) Final Report
	9.1) Device utilization summary
	9.2) Partition Resource Summary
	9.3) TIMING REPORT


=========================================================================
*                      Synthesis Options Summary                        *
=========================================================================
---- Source Parameters
Input File Name                    : "Grayscale.prj"
Input Format                       : mixed
Ignore Synthesis Constraint File   : NO

---- Target Parameters
Output File Name                   : "Grayscale"
Output Format                      : NGC
Target Device                      : xc3s700an-4-fgg484

---- Source Options
Top Module Name                    : Grayscale
Automatic FSM Extraction           : YES
FSM Encoding Algorithm             : Auto
Safe Implementation                : No
FSM Style                          : LUT
RAM Extraction                     : Yes
RAM Style                          : Auto
ROM Extraction                     : Yes
Mux Style                          : Auto
Decoder Extraction                 : YES
Priority Encoder Extraction        : Yes
Shift Register Extraction          : YES
Logical Shifter Extraction         : YES
XOR Collapsing                     : YES
ROM Style                          : Auto
Mux Extraction                     : Yes
Resource Sharing                   : YES
Asynchronous To Synchronous        : NO
Multiplier Style                   : Auto
Automatic Register Balancing       : No

---- Target Options
Add IO Buffers                     : YES
Global Maximum Fanout              : 500
Add Generic Clock Buffer(BUFG)     : 24
Register Duplication               : YES
Slice Packing                      : YES
Optimize Instantiated Primitives   : NO
Use Clock Enable                   : Yes
Use Synchronous Set                : Yes
Use Synchronous Reset              : Yes
Pack IO Registers into IOBs        : Auto
Equivalent register Removal        : YES

---- General Options
Optimization Goal                  : Speed
Optimization Effort                : 1
Keep Hierarchy                     : No
Netlist Hierarchy                  : As_Optimized
RTL Output                         : Yes
Global Optimization                : AllClockNets
Read Cores                         : YES
Write Timing Constraints           : NO
Cross Clock Analysis               : NO
Hierarchy Separator                : /
Bus Delimiter                      : <>
Case Specifier                     : Maintain
Slice Utilization Ratio            : 100
BRAM Utilization Ratio             : 100
Verilog 2001                       : YES
Auto BRAM Packing                  : NO
Slice Utilization Ratio Delta      : 5

=========================================================================


=========================================================================
*                          HDL Compilation                              *
=========================================================================
WARNING:HDLParsers:3516 - Found error in file "/media/sujit/Windows/Users/sujit/Projects/minor/grayscale/grayscale.vhd". 
WARNING:HDLParsers:3458 - Because of erroneous VHDL file(s), automatic determination of correct order of compilation of files in project file "/media/sujit/Windows/Users/sujit/Projects/minor/grayscale/grayscale/Grayscale_vhdl.prj" may be inaccurate. Please put the files in the project file in correct order with keyword 'nosort' at end of the project file, or compile your vhdl file(s) individually to find and fix the error(s) in your vhdl file(s). 
Compiling vhdl file "/media/sujit/Windows/Users/sujit/Projects/minor/grayscale/grayscale.vhd" in Library work.
Entity <grayscale> compiled.
ERROR:HDLParsers:164 - "/media/sujit/Windows/Users/sujit/Projects/minor/grayscale/grayscale.vhd" Line 32. parse error, unexpected IDENTIFIER
ERROR:HDLParsers:3312 - "/media/sujit/Windows/Users/sujit/Projects/minor/grayscale/grayscale.vhd" Line 36. Undefined symbol 'C'.
ERROR:HDLParsers:1209 - "/media/sujit/Windows/Users/sujit/Projects/minor/grayscale/grayscale.vhd" Line 36. C: Undefined symbol (last report in this block)
ERROR:HDLParsers:3312 - "/media/sujit/Windows/Users/sujit/Projects/minor/grayscale/grayscale.vhd" Line 37. Undefined symbol 'Carry'.
ERROR:HDLParsers:1209 - "/media/sujit/Windows/Users/sujit/Projects/minor/grayscale/grayscale.vhd" Line 37. Carry: Undefined symbol (last report in this block)
ERROR:HDLParsers:164 - "/media/sujit/Windows/Users/sujit/Projects/minor/grayscale/grayscale.vhd" Line 40. parse error, unexpected SEMICOLON, expecting COMMA or CLOSEPAR
ERROR:HDLParsers:164 - "/media/sujit/Windows/Users/sujit/Projects/minor/grayscale/grayscale.vhd" Line 45. parse error, unexpected SEMICOLON, expecting COMMA or CLOSEPAR
ERROR:HDLParsers:164 - "/media/sujit/Windows/Users/sujit/Projects/minor/grayscale/grayscale.vhd" Line 50. parse error, unexpected SEMICOLON, expecting COMMA or CLOSEPAR
--> 


Total memory usage is 496244 kilobytes

Number of errors   :    8 (   0 filtered)
Number of warnings :    2 (   0 filtered)
Number of infos    :    0 (   0 filtered)

