ISim log file
Running: C:\Users\user\FPGA\uart0.0\inputModule2\sam_in_mem_test_isim_beh.exe -intstyle ise -gui -tclbatch isim.cmd -wdb C:/Users/user/FPGA/uart0.0/inputModule2/sam_in_mem_test_isim_beh.wdb 
ISim O.87xd (signature 0xc3576ebc)
WARNING: A WEBPACK license was found.
WARNING: Please use Xilinx License Configuration Manager to check out a full ISim license.
WARNING: ISim will run in Lite mode. Please refer to the ISim documentation for more information on the differences between the Lite and the Full version.
This is a Lite version of ISim.
Time resolution is 1 ps
# onerror resume
# wave add /
# run 4 ms
Simulator is doing circuit initialization process.
at 0 ps, Instance /sam_in_mem_test/uut/outputVGA/synchronizer/ : Warning: NUMERIC_STD."=": metavalue detected, returning FALSE
at 0 ps, Instance /sam_in_mem_test/uut/outputVGA/synchronizer/ : Warning: NUMERIC_STD."=": metavalue detected, returning FALSE
at 0 ps, Instance /sam_in_mem_test/uut/outputVGA/synchronizer/ : Warning: NUMERIC_STD."=": metavalue detected, returning FALSE
at 0 ps, Instance /sam_in_mem_test/uut/outputVGA/synchronizer/ : Warning: NUMERIC_STD.">=": metavalue detected, returning FALSE
at 0 ps, Instance /sam_in_mem_test/uut/outputVGA/synchronizer/ : Warning: NUMERIC_STD.">=": metavalue detected, returning FALSE
at 0 ps, Instance /sam_in_mem_test/uut/outputVGA/synchronizer/ : Warning: NUMERIC_STD."<": metavalue detected, returning FALSE
at 0 ps, Instance /sam_in_mem_test/uut/ram_seq/dual_ram/ : Warning: NUMERIC_STD.TO_INTEGER: metavalue detected, returning 0
at 0 ps, Instance /sam_in_mem_test/uut/ram_seq/dual_ram/ : Warning: NUMERIC_STD.TO_INTEGER: metavalue detected, returning 0
at 0 ps, Instance /sam_in_mem_test/uut/ram_seq/address_gen/ : Warning: NUMERIC_STD."=": metavalue detected, returning FALSE
at 0 ps, Instance /sam_in_mem_test/uut/receiver/brgen/ : Warning: NUMERIC_STD."=": metavalue detected, returning FALSE
at 0 ps, Instance /sam_in_mem_test/uut/receiver/brgen/ : Warning: NUMERIC_STD."=": metavalue detected, returning FALSE
Finished circuit initialization process.
at 10 ns(2), Instance /sam_in_mem_test/uut/receiver/brgen/ : Warning: NUMERIC_STD."=": metavalue detected, returning FALSE
at 10 ns(2), Instance /sam_in_mem_test/uut/receiver/brgen/ : Warning: NUMERIC_STD."=": metavalue detected, returning FALSE
