--------------------------------------------------------------------------------
Release 13.4 Trace  (nt64)
Copyright (c) 1995-2011 Xilinx, Inc.  All rights reserved.

C:\Xilinx\13.4\ISE_DS\ISE\bin\nt64\unwrapped\trce.exe -filter
C:/Users/sujit/Projects/minor/ledswitch/iseconfig/filter.filter -intstyle ise
-v 3 -s 5 -n 3 -fastpaths -xml ledcontroller.twx ledcontroller.ncd -o
ledcontroller.twr ledcontroller.pcf -ucf ledswitch_constrains.ucf

Design file:              ledcontroller.ncd
Physical constraint file: ledcontroller.pcf
Device,package,speed:     xc3s500e,fg320,-5 (PRODUCTION 1.27 2012-01-07)
Report level:             verbose report

Environment Variable      Effect 
--------------------      ------ 
NONE                      No environment variables were set
--------------------------------------------------------------------------------

INFO:Timing:2698 - No timing constraints found, doing default enumeration.
INFO:Timing:3412 - To improve timing, see the Timing Closure User Guide (UG612).
INFO:Timing:2752 - To get complete path coverage, use the unconstrained paths 
   option. All paths that are not constrained will be reported in the 
   unconstrained paths section(s) of the report.
INFO:Timing:3339 - The clock-to-out numbers in this timing report are based on 
   a 50 Ohm transmission line loading model.  For the details of this model, 
   and for more information on accounting for different loading conditions, 
   please see the device datasheet.
INFO:Timing:3390 - This architecture does not support a default System Jitter 
   value, please add SYSTEM_JITTER constraint to the UCF to modify the Clock 
   Uncertainty calculation.
INFO:Timing:3389 - This architecture does not support 'Discrete Jitter' and 
   'Phase Error' calculations, these terms will be zero in the Clock 
   Uncertainty calculation.  Please make appropriate modification to 
   SYSTEM_JITTER to account for the unsupported Discrete Jitter and Phase 
   Error.



Data Sheet report:
-----------------
All values displayed in nanoseconds (ns)

Pad to Pad
---------------+---------------+---------+
Source Pad     |Destination Pad|  Delay  |
---------------+---------------+---------+
sw<0>          |led<0>         |    6.994|
sw<0>          |led<4>         |    8.251|
sw<0>          |led<5>         |    8.653|
sw<1>          |led<1>         |    6.963|
sw<1>          |led<4>         |    8.759|
sw<1>          |led<5>         |    9.155|
sw<2>          |led<2>         |    6.510|
sw<2>          |led<6>         |    8.123|
sw<2>          |led<7>         |    8.144|
sw<3>          |led<3>         |    7.648|
sw<3>          |led<6>         |    9.475|
sw<3>          |led<7>         |    9.446|
---------------+---------------+---------+


Analysis completed Sun Jun 12 14:50:00 2016 
--------------------------------------------------------------------------------

Trace Settings:
-------------------------
Trace Settings 

Peak Memory Usage: 175 MB



