Command line:
   tb_helloworld_isim_beh.exe
     -simmode  gui
     -simrunnum  0
     -socket  49789

Wed May 18 07:49:33 2016


 Elaboration Time: 0.0625 sec

 Current Memory Usage: 839.102 Meg

 Total Signals          : 4
 Total Nets             : 12
 Total Signal Drivers   : 5
 Total Blocks           : 3
 Total Primitive Blocks : 2
 Total Processes        : 6
 Total Traceable Variables  : 8
 Total Scalar Nets and Variables : 372
Total Line Count : 6

 Total Simulation Time: 0.09375 sec

 Current Memory Usage: 681.816 Meg

Wed May 18 07:53:17 2016

