Release 13.4 Map O.87xd (nt64)
Xilinx Mapping Report File for Design 'uart_rx'

Design Information
------------------
Command Line   : map -intstyle ise -p xc3s700an-fgg484-4 -cm area -ir off -pr
off -c 100 -o uart_rx_map.ncd uart_rx.ngd uart_rx.pcf 
Target Device  : xc3s700an
Target Package : fgg484
Target Speed   : -4
Mapper Version : spartan3a -- $Revision: 1.55 $
Mapped Date    : Mon May 23 23:23:39 2016

Design Summary
--------------
Number of errors   :   2
Number of warnings :   0

Section 1 - Errors
------------------
ERROR:Map:116 - The design is empty.  No processing will be done.
ERROR:Map:52 - Problem encountered processing RPMs. 

Section 2 - Warnings
--------------------
WARNING:Security:42 - Your software subscription period has lapsed. Your current
version of Xilinx tools will continue to function, but you no longer qualify for
Xilinx software updates or new releases.

Section 3 - Informational
-------------------------
INFO:Security:54 - 'xc3s700an' is a WebPack part.
